<?xml version="1.0" ?>
<coverage branch-rate="0" branches-covered="0" branches-valid="0" complexity="0" line-rate="1" lines-covered="7" lines-valid="7" timestamp="1638761667191" version="6.2">
	<!-- Generated by coverage.py: https://coverage.readthedocs.io -->
	<!-- Based on https://raw.githubusercontent.com/cobertura/web/master/htdocs/xml/coverage-04.dtd -->
	<sources>
		<source>/home/welcom/QA-DevOps-Practical-Project/Service2</source>
	</sources>
	<packages>
		<package branch-rate="0" complexity="0" line-rate="1" name=".">
			<classes>
				<class branch-rate="0" complexity="0" filename="app.py" line-rate="1" name="app.py">
					<methods/>
					<lines>
						<line hits="1" number="1"/>
						<line hits="1" number="2"/>
						<line hits="1" number="4"/>
						<line hits="1" number="6"/>
						<line hits="1" number="8"/>
						<line hits="1" number="9"/>
						<line hits="1" number="10"/>
					</lines>
				</class>
			</classes>
		</package>
	</packages>
</coverage>
